2025-01-19 17:41:04,049 INFO o.a.j.u.JMeterUtils: Setting Locale to en_EN
2025-01-19 17:41:04,059 INFO o.a.j.JMeter: Loading user properties from: /opt/homebrew/Cellar/jmeter/5.6.3/libexec/bin/user.properties
2025-01-19 17:41:04,059 INFO o.a.j.JMeter: Loading system properties from: /opt/homebrew/Cellar/jmeter/5.6.3/libexec/bin/system.properties
2025-01-19 17:41:04,062 INFO o.a.j.JMeter: Copyright (c) 1998-2024 The Apache Software Foundation
2025-01-19 17:41:04,062 INFO o.a.j.JMeter: Version 5.6.3
2025-01-19 17:41:04,062 INFO o.a.j.JMeter: java.version=21.0.5
2025-01-19 17:41:04,062 INFO o.a.j.JMeter: java.vm.name=OpenJDK 64-Bit Server VM
2025-01-19 17:41:04,062 INFO o.a.j.JMeter: os.name=Mac OS X
2025-01-19 17:41:04,062 INFO o.a.j.JMeter: os.arch=aarch64
2025-01-19 17:41:04,062 INFO o.a.j.JMeter: os.version=15.1
2025-01-19 17:41:04,062 INFO o.a.j.JMeter: file.encoding=UTF-8
2025-01-19 17:41:04,062 INFO o.a.j.JMeter: java.awt.headless=null
2025-01-19 17:41:04,062 INFO o.a.j.JMeter: Max memory     =1073741824
2025-01-19 17:41:04,062 INFO o.a.j.JMeter: Available Processors =14
2025-01-19 17:41:04,067 INFO o.a.j.JMeter: Default Locale=English (EN)
2025-01-19 17:41:04,067 INFO o.a.j.JMeter: JMeter  Locale=English (EN)
2025-01-19 17:41:04,067 INFO o.a.j.JMeter: JMeterHome=/opt/homebrew/Cellar/jmeter/5.6.3/libexec
2025-01-19 17:41:04,067 INFO o.a.j.JMeter: user.dir  =/Users/tiejunsun/Documents/projects/hsbc/demo
2025-01-19 17:41:04,067 INFO o.a.j.JMeter: PWD       =/Users/tiejunsun/Documents/projects/hsbc/demo
2025-01-19 17:41:04,068 INFO o.a.j.JMeter: IP: 127.0.0.1 Name: TiejundeMacBook-Pro.local FullName: localhost
2025-01-19 17:41:04,073 INFO o.a.j.JMeter: Loaded icon properties from org/apache/jmeter/images/icon.properties
2025-01-19 17:41:04,285 INFO o.a.j.JMeterGuiLauncher: Setting LAF to: com.github.weisj.darklaf.DarkLaf:com.github.weisj.darklaf.theme.DarculaTheme
2025-01-19 17:41:05,003 INFO o.a.j.r.ClassFinder: Will scan jar /opt/homebrew/Cellar/jmeter/5.6.3/libexec/lib/ext/jmeter-plugins-manager-1.10.jar with filter ExtendsClassFilter [parents=[interface org.apache.jmeter.gui.action.Command], inner=false, contains=null, notContains=null]. Consider exposing JMeter plugins via META-INF/services, and add JMeter-Skip-Class-Scanning=true manifest attribute so JMeter can skip classfile scanning
2025-01-19 17:41:05,052 INFO o.a.j.r.ClassFinder: Will scan jar /opt/homebrew/Cellar/jmeter/5.6.3/libexec/lib/ext/jmeter-plugins-manager-1.10.jar with filter ExtendsClassFilter [parents=[interface org.apache.jmeter.gui.plugin.MenuCreator], inner=false, contains=null, notContains=null]. Consider exposing JMeter plugins via META-INF/services, and add JMeter-Skip-Class-Scanning=true manifest attribute so JMeter can skip classfile scanning
2025-01-19 17:41:05,071 INFO o.j.r.JARSourceHTTP: Using proxy 127.0.0.1:7897
2025-01-19 17:41:05,073 INFO o.j.r.JARSourceHTTP: Using proxy 127.0.0.1:7897
2025-01-19 17:41:05,095 INFO o.j.r.JARSourceHTTP: Requesting https://jmeter-plugins.org/repo/?installID=mac_os_x-bf1c576ebebe6faa1a7a3a7cb6788e5e-gui
2025-01-19 17:41:11,648 INFO o.j.r.JARSourceHTTP: Using proxy 127.0.0.1:7897
2025-01-19 17:41:11,648 INFO o.j.r.PluginManager: Plugins Status: [jpgc-plugins-manager=1.10, jmeter-core=5.6.3, jmeter-ftp=5.6.3, jmeter-http=5.6.3, jmeter-jdbc=5.6.3, jmeter-jms=5.6.3, jmeter-junit=5.6.3, jmeter-java=5.6.3, jmeter-ldap=5.6.3, jmeter-mail=5.6.3, jmeter-mongodb=5.6.3, jmeter-native=5.6.3, jmeter-tcp=5.6.3, jmeter-components=5.6.3]
2025-01-19 17:41:11,704 INFO o.a.j.s.FileServer: Default base='/Users/tiejunsun/Documents/projects/hsbc/demo'
2025-01-19 17:41:11,705 INFO o.a.j.g.a.Load: Loading file: /Users/tiejunsun/Documents/projects/hsbc/demo/scripts/load-test-plan.jmx
2025-01-19 17:41:11,705 INFO o.a.j.s.FileServer: Set new base='/Users/tiejunsun/Documents/projects/hsbc/demo/scripts'
2025-01-19 17:41:11,765 INFO o.a.j.s.SaveService: Testplan (JMX) version: 2.2. Testlog (JTL) version: 2.2
2025-01-19 17:41:11,768 INFO o.a.j.s.SaveService: Using SaveService properties version 5.0
2025-01-19 17:41:11,768 INFO o.a.j.s.SaveService: Using SaveService properties file encoding UTF-8
2025-01-19 17:41:11,769 INFO o.a.j.s.SaveService: Loading file: /Users/tiejunsun/Documents/projects/hsbc/demo/scripts/load-test-plan.jmx
2025-01-19 17:41:11,797 INFO o.a.j.p.h.s.HTTPSamplerBase: Parser for text/html is org.apache.jmeter.protocol.http.parser.LagartoBasedHtmlParser
2025-01-19 17:41:11,797 INFO o.a.j.p.h.s.HTTPSamplerBase: Parser for application/xhtml+xml is org.apache.jmeter.protocol.http.parser.LagartoBasedHtmlParser
2025-01-19 17:41:11,797 INFO o.a.j.p.h.s.HTTPSamplerBase: Parser for application/xml is org.apache.jmeter.protocol.http.parser.LagartoBasedHtmlParser
2025-01-19 17:41:11,797 INFO o.a.j.p.h.s.HTTPSamplerBase: Parser for text/xml is org.apache.jmeter.protocol.http.parser.LagartoBasedHtmlParser
2025-01-19 17:41:11,797 INFO o.a.j.p.h.s.HTTPSamplerBase: Parser for text/vnd.wap.wml is org.apache.jmeter.protocol.http.parser.RegexpHTMLParser
2025-01-19 17:41:11,797 INFO o.a.j.p.h.s.HTTPSamplerBase: Parser for text/css is org.apache.jmeter.protocol.http.parser.CssParser
2025-01-19 17:41:11,884 INFO o.a.j.s.SampleResult: Note: Sample TimeStamps are START times
2025-01-19 17:41:11,884 INFO o.a.j.s.SampleResult: sampleresult.default.encoding is set to UTF-8
2025-01-19 17:41:11,884 INFO o.a.j.s.SampleResult: sampleresult.useNanoTime=true
2025-01-19 17:41:11,884 INFO o.a.j.s.SampleResult: sampleresult.nanoThreadSleep=5000
2025-01-19 17:41:11,921 INFO o.a.j.r.ClassFinder: Will scan jar /opt/homebrew/Cellar/jmeter/5.6.3/libexec/lib/ext/jmeter-plugins-manager-1.10.jar with filter ExtendsClassFilter [parents=[interface org.apache.jmeter.visualizers.ResultRenderer], inner=false, contains=null, notContains=null]. Consider exposing JMeter plugins via META-INF/services, and add JMeter-Skip-Class-Scanning=true manifest attribute so JMeter can skip classfile scanning
2025-01-19 17:41:11,927 INFO o.a.j.r.ClassFinder: Will scan jar /opt/homebrew/Cellar/jmeter/5.6.3/libexec/lib/ext/jmeter-plugins-manager-1.10.jar with filter ExtendsClassFilter [parents=[interface org.apache.jmeter.visualizers.RequestView], inner=false, contains=null, notContains=null]. Consider exposing JMeter plugins via META-INF/services, and add JMeter-Skip-Class-Scanning=true manifest attribute so JMeter can skip classfile scanning
2025-01-19 17:41:11,955 INFO o.a.j.s.FileServer: Set new base='/Users/tiejunsun/Documents/projects/hsbc/demo/scripts'
